{
  host: 'localhost:3000',
  connection: 'keep-alive',
  'cache-control': 'max-age=0',
  'sec-ch-ua': '" Not A;Brand";v="99", "Chromium";v="98", "Google Chrome";v="98"',
  'sec-ch-ua-mobile': '?0',
  'sec-ch-ua-platform': '"Linux"',
  dnt: '1',
  'upgrade-insecure-requests': '1',
  'user-agent': 'Mozilla/5.0 (X11; Linux x86_64) AppleWebKit/537.36 (KHTML, like Gecko) Chrome/98.0.4758.102 Safari/537.36',
  accept: 'text/html,application/xhtml+xml,application/xml;q=0.9,image/avif,image/webp,image/apng,*/*;q=0.8,application/signed-exchange;v=b3;q=0.9',
  'sec-fetch-site': 'none',
  'sec-fetch-mode': 'navigate',
  'sec-fetch-user': '?1',
  'sec-fetch-dest': 'document',
  'accept-encoding': 'gzip, deflate, br',
  'accept-language': 'en-US,en;q=0.9'
}
{
  host: 'localhost:3000',
  connection: 'keep-alive',
  'sec-ch-ua': '" Not A;Brand";v="99", "Chromium";v="98", "Google Chrome";v="98"',
  dnt: '1',
  'sec-ch-ua-mobile': '?0',
  'user-agent': 'Mozilla/5.0 (X11; Linux x86_64) AppleWebKit/537.36 (KHTML, like Gecko) Chrome/98.0.4758.102 Safari/537.36',
  'sec-ch-ua-platform': '"Linux"',
  accept: 'image/avif,image/webp,image/apng,image/svg+xml,image/*,*/*;q=0.8',
  'sec-fetch-site': 'same-origin',
  'sec-fetch-mode': 'no-cors',
  'sec-fetch-dest': 'image',
  referer: 'http://localhost:3000/',
  'accept-encoding': 'gzip, deflate, br',
  'accept-language': 'en-US,en;q=0.9'
}
{
  'user-agent': 'PostmanRuntime/7.29.0',
  accept: '*/*',
  'postman-token': '9632cd21-dae1-4176-a750-809042256a98',
  host: 'localhost:3000',
  'accept-encoding': 'gzip, deflate, br',
  connection: 'keep-alive'
}
